INFO:websockets.server:server listening on 0.0.0.0:8001
INFO:websockets.server:server listening on [::]:8001
INFO:websockets.server:connection open
INFO:root:{"jsonrpc": "2.0", "method": "message-1", "timestamp": 1687416125.3566322}
INFO:websockets.server:connection closed
INFO:websockets.server:connection open
INFO:root:{"jsonrpc": "2.0", "method": "message-2", "timestamp": 1687416126.3632753}
INFO:websockets.server:connection closed
INFO:websockets.server:connection open
INFO:root:{"jsonrpc": "2.0", "method": "message-3", "timestamp": 1687416127.368441}
INFO:websockets.server:connection closed
INFO:websockets.server:connection open
INFO:root:{"jsonrpc": "2.0", "method": "message-4", "timestamp": 1687416128.3749495}
INFO:websockets.server:connection closed
INFO:websockets.server:connection open
INFO:root:{"jsonrpc": "2.0", "method": "message-5", "timestamp": 1687416129.3820908}
INFO:websockets.server:connection closed
INFO:websockets.server:connection open
INFO:root:{"jsonrpc": "2.0", "method": "message-6", "timestamp": 1687416130.3883212}
INFO:websockets.server:connection closed
INFO:websockets.server:connection open
INFO:root:{"jsonrpc": "2.0", "method": "message-7", "timestamp": 1687416131.3941665}
INFO:websockets.server:connection closed
INFO:websockets.server:connection open
INFO:root:{"jsonrpc": "2.0", "method": "message-8", "timestamp": 1687416132.3998582}
INFO:websockets.server:connection closed
INFO:websockets.server:connection open
INFO:root:{"jsonrpc": "2.0", "method": "message-9", "timestamp": 1687416133.4069738}
INFO:websockets.server:connection closed
INFO:websockets.server:connection open
INFO:root:{"jsonrpc": "2.0", "method": "message-10", "timestamp": 1687416134.4141507}
INFO:websockets.server:connection closed
INFO:websockets.server:connection open
INFO:root:{"jsonrpc": "2.0", "method": "message-11", "timestamp": 1687416135.4210215}
INFO:websockets.server:connection closed
INFO:websockets.server:connection open
INFO:root:{"jsonrpc": "2.0", "method": "message-12", "timestamp": 1687416136.428082}
INFO:websockets.server:connection closed
INFO:websockets.server:connection open
INFO:root:{"jsonrpc": "2.0", "method": "message-13", "timestamp": 1687416137.4351256}
INFO:websockets.server:connection closed
INFO:websockets.server:connection open
INFO:root:{"jsonrpc": "2.0", "method": "message-14", "timestamp": 1687416138.440064}
INFO:websockets.server:connection closed
INFO:websockets.server:connection open
INFO:root:{"jsonrpc": "2.0", "method": "message-15", "timestamp": 1687416139.4455354}
INFO:websockets.server:connection closed
INFO:websockets.server:connection open
INFO:root:{"jsonrpc": "2.0", "method": "message-16", "timestamp": 1687416140.4512775}
INFO:websockets.server:connection closed
INFO:websockets.server:connection open
INFO:root:{"jsonrpc": "2.0", "method": "message-17", "timestamp": 1687416141.4564896}
INFO:websockets.server:connection closed
INFO:websockets.server:connection open
INFO:root:{"jsonrpc": "2.0", "method": "message-18", "timestamp": 1687416142.4606185}
INFO:websockets.server:connection closed
INFO:websockets.server:connection open
INFO:root:{"jsonrpc": "2.0", "method": "message-19", "timestamp": 1687416143.4660609}
INFO:websockets.server:connection closed
INFO:websockets.server:connection open
INFO:root:{"jsonrpc": "2.0", "method": "message-20", "timestamp": 1687416144.4725678}
INFO:websockets.server:connection closed
INFO:websockets.server:connection open
INFO:root:{"jsonrpc": "2.0", "method": "message-21", "timestamp": 1687416145.4794931}
INFO:websockets.server:connection closed
INFO:websockets.server:connection open
INFO:root:{"jsonrpc": "2.0", "method": "message-22", "timestamp": 1687416146.4845972}
INFO:websockets.server:connection closed
INFO:websockets.server:connection open
INFO:root:{"jsonrpc": "2.0", "method": "message-23", "timestamp": 1687416147.491113}
INFO:websockets.server:connection closed
INFO:websockets.server:connection open
INFO:root:{"jsonrpc": "2.0", "method": "message-24", "timestamp": 1687416148.4983447}
INFO:websockets.server:connection closed
INFO:websockets.server:connection open
INFO:root:{"jsonrpc": "2.0", "method": "message-25", "timestamp": 1687416149.5054443}
INFO:websockets.server:connection closed
INFO:websockets.server:connection open
INFO:root:{"jsonrpc": "2.0", "method": "message-26", "timestamp": 1687416150.5118978}
INFO:websockets.server:connection closed
INFO:websockets.server:connection open
INFO:root:{"jsonrpc": "2.0", "method": "message-27", "timestamp": 1687416151.5168197}
INFO:websockets.server:connection closed
INFO:websockets.server:connection open
INFO:root:{"jsonrpc": "2.0", "method": "message-28", "timestamp": 1687416152.5220306}
INFO:websockets.server:connection closed
INFO:websockets.server:connection open
INFO:root:{"jsonrpc": "2.0", "method": "message-29", "timestamp": 1687416153.5267446}
INFO:websockets.server:connection closed
INFO:websockets.server:connection open
INFO:root:{"jsonrpc": "2.0", "method": "message-30", "timestamp": 1687416154.5318563}
INFO:websockets.server:connection closed
INFO:websockets.server:connection open
INFO:root:{"jsonrpc": "2.0", "method": "message-31", "timestamp": 1687416155.536153}
INFO:websockets.server:connection closed
INFO:websockets.server:connection open
INFO:root:{"jsonrpc": "2.0", "method": "message-32", "timestamp": 1687416156.5417762}
INFO:websockets.server:connection closed
INFO:websockets.server:connection open
INFO:root:{"jsonrpc": "2.0", "method": "message-33", "timestamp": 1687416157.549672}
INFO:websockets.server:connection closed
INFO:websockets.server:connection open
INFO:root:{"jsonrpc": "2.0", "method": "message-34", "timestamp": 1687416158.5570667}
INFO:websockets.server:connection closed
INFO:websockets.server:connection open
INFO:root:{"jsonrpc": "2.0", "method": "message-35", "timestamp": 1687416159.5629594}
INFO:websockets.server:connection closed
INFO:websockets.server:connection open
INFO:root:{"jsonrpc": "2.0", "method": "message-36", "timestamp": 1687416160.568095}
INFO:websockets.server:connection closed
INFO:websockets.server:connection open
INFO:root:{"jsonrpc": "2.0", "method": "message-37", "timestamp": 1687416161.573605}
INFO:websockets.server:connection closed
INFO:websockets.server:connection open
INFO:root:{"jsonrpc": "2.0", "method": "message-38", "timestamp": 1687416162.580099}
INFO:websockets.server:connection closed
INFO:websockets.server:connection open
INFO:root:{"jsonrpc": "2.0", "method": "message-39", "timestamp": 1687416163.585767}
INFO:websockets.server:connection closed
INFO:websockets.server:connection open
INFO:root:{"jsonrpc": "2.0", "method": "message-40", "timestamp": 1687416164.5903797}
INFO:websockets.server:connection closed
INFO:websockets.server:connection open
INFO:root:{"jsonrpc": "2.0", "method": "message-41", "timestamp": 1687416165.5949717}
INFO:websockets.server:connection closed
INFO:websockets.server:connection open
INFO:root:{"jsonrpc": "2.0", "method": "message-42", "timestamp": 1687416166.5987613}
INFO:websockets.server:connection closed
INFO:websockets.server:connection open
INFO:root:{"jsonrpc": "2.0", "method": "message-43", "timestamp": 1687416167.6026964}
INFO:websockets.server:connection closed
INFO:websockets.server:connection open
INFO:root:{"jsonrpc": "2.0", "method": "message-44", "timestamp": 1687416168.6084898}
INFO:websockets.server:connection closed
INFO:websockets.server:connection open
INFO:root:{"jsonrpc": "2.0", "method": "message-45", "timestamp": 1687416169.6143715}
INFO:websockets.server:connection closed
INFO:websockets.server:connection open
INFO:root:{"jsonrpc": "2.0", "method": "message-46", "timestamp": 1687416170.6192875}
INFO:websockets.server:connection closed
INFO:websockets.server:connection open
INFO:root:{"jsonrpc": "2.0", "method": "message-47", "timestamp": 1687416171.6268172}
INFO:websockets.server:connection closed
INFO:websockets.server:connection open
INFO:root:{"jsonrpc": "2.0", "method": "message-48", "timestamp": 1687416172.6335316}
INFO:websockets.server:connection closed
INFO:websockets.server:connection open
INFO:root:{"jsonrpc": "2.0", "method": "message-49", "timestamp": 1687416173.6385345}
INFO:websockets.server:connection closed
INFO:websockets.server:connection open
INFO:root:{"jsonrpc": "2.0", "method": "message-50", "timestamp": 1687416174.6440096}
INFO:websockets.server:connection closed
INFO:websockets.server:connection open
INFO:root:{"jsonrpc": "2.0", "method": "message-51", "timestamp": 1687416175.6514978}
INFO:websockets.server:connection closed
INFO:websockets.server:server closing
INFO:websockets.server:server closed
